# JRE version: OpenJDK Runtime Environment (24.0.1+9) (build 24.0.1+9-30)
# Java VM: OpenJDK 64-Bit Server VM (24.0.1+9-30, mixed mode, emulated-client, sharing, tiered, compressed oops, compressed class ptrs, g1 gc, windows-amd64)
GC Precious Log:
 CardTable entry size: 512
 Card Set container configuration: InlinePtr #cards 5 size 8 Array Of Cards #cards 10 size 36 Howl #buckets 4 coarsen threshold 1843 Howl Bitmap #cards 512 size 80 coarsen threshold 460 Card regions per heap region 1 cards per card region 2048
 CPUs: 16 total, 16 available
 Memory: 7501M
 Large Page Support: Disabled
 NUMA Support: Disabled
 Compressed Oops: Enabled (32-bit)
 Heap Region Size: 1M
 Heap Min Capacity: 8M
 Heap Initial Capacity: 118M
 Heap Max Capacity: 1876M
 Pre-touch: Disabled
 Parallel Workers: 13
 Concurrent Workers: 3
 Concurrent Refinement Workers: 13
 Periodic GC: Disabled
Heap:
 garbage-first heap   total reserved 1921024K, committed 60416K, used 33588K [0x000000008ac00000, 0x0000000100000000)
  region size 1024K, 1 young (1024K), 1 survivors (1024K)
 Metaspace       used 53777K, committed 54592K, reserved 1114112K
  class space    used 6424K, committed 6720K, reserved 1048576K
GC Heap History (20 events):
Event: 10.672 GC heap after
{Heap after GC invocations=11 (full 0):
 garbage-first heap   total reserved 1921024K, committed 58368K, used 26928K [0x000000008ac00000, 0x0000000100000000)
  region size 1024K, 3 young (3072K), 3 survivors (3072K)
 Metaspace       used 43387K, committed 43904K, reserved 1114112K
  class space    used 5021K, committed 5248K, reserved 1048576K
}
Event: 11.000 GC heap before
{Heap before GC invocations=11 (full 0):
 garbage-first heap   total reserved 1921024K, committed 58368K, used 48432K [0x000000008ac00000, 0x0000000100000000)
  region size 1024K, 25 young (25600K), 3 survivors (3072K)
 Metaspace       used 44381K, committed 44864K, reserved 1114112K
  class space    used 5176K, committed 5376K, reserved 1048576K
}
Event: 11.005 GC heap after
{Heap after GC invocations=12 (full 0):
 garbage-first heap   total reserved 1921024K, committed 58368K, used 28012K [0x000000008ac00000, 0x0000000100000000)
  region size 1024K, 2 young (2048K), 2 survivors (2048K)
 Metaspace       used 44381K, committed 44864K, reserved 1114112K
  class space    used 5176K, committed 5376K, reserved 1048576K
}
Event: 11.597 GC heap before
{Heap before GC invocations=12 (full 0):
 garbage-first heap   total reserved 1921024K, committed 58368K, used 50540K [0x000000008ac00000, 0x0000000100000000)
  region size 1024K, 24 young (24576K), 2 survivors (2048K)
 Metaspace       used 45539K, committed 46144K, reserved 1114112K
  class space    used 5333K, committed 5568K, reserved 1048576K
}
Event: 11.601 GC heap after
{Heap after GC invocations=13 (full 0):
 garbage-first heap   total reserved 1921024K, committed 58368K, used 29502K [0x000000008ac00000, 0x0000000100000000)
  region size 1024K, 3 young (3072K), 3 survivors (3072K)
 Metaspace       used 45539K, committed 46144K, reserved 1114112K
  class space    used 5333K, committed 5568K, reserved 1048576K
}
Event: 14.436 GC heap before
{Heap before GC invocations=14 (full 0):
 garbage-first heap   total reserved 1921024K, committed 58368K, used 51006K [0x000000008ac00000, 0x0000000100000000)
  region size 1024K, 24 young (24576K), 3 survivors (3072K)
 Metaspace       used 47093K, committed 47680K, reserved 1114112K
  class space    used 5541K, committed 5760K, reserved 1048576K
}
Event: 14.440 GC heap after
{Heap after GC invocations=15 (full 0):
 garbage-first heap   total reserved 1921024K, committed 58368K, used 31456K [0x000000008ac00000, 0x0000000100000000)
  region size 1024K, 2 young (2048K), 2 survivors (2048K)
 Metaspace       used 47093K, committed 47680K, reserved 1114112K
  class space    used 5541K, committed 5760K, reserved 1048576K
}
Event: 17.400 GC heap before
{Heap before GC invocations=15 (full 0):
 garbage-first heap   total reserved 1921024K, committed 58368K, used 51936K [0x000000008ac00000, 0x0000000100000000)
  region size 1024K, 22 young (22528K), 2 survivors (2048K)
 Metaspace       used 48818K, committed 49408K, reserved 1114112K
  class space    used 5760K, committed 6016K, reserved 1048576K
}
Event: 17.405 GC heap after
{Heap after GC invocations=16 (full 0):
 garbage-first heap   total reserved 1921024K, committed 58368K, used 32885K [0x000000008ac00000, 0x0000000100000000)
  region size 1024K, 2 young (2048K), 2 survivors (2048K)
 Metaspace       used 48818K, committed 49408K, reserved 1114112K
  class space    used 5760K, committed 6016K, reserved 1048576K
}
Event: 20.500 GC heap before
{Heap before GC invocations=16 (full 0):
 garbage-first heap   total reserved 1921024K, committed 58368K, used 51317K [0x000000008ac00000, 0x0000000100000000)
  region size 1024K, 20 young (20480K), 2 survivors (2048K)
 Metaspace       used 50863K, committed 51456K, reserved 1114112K
  class space    used 6057K, committed 6272K, reserved 1048576K
}
Event: 20.505 GC heap after
{Heap after GC invocations=17 (full 0):
 garbage-first heap   total reserved 1921024K, committed 58368K, used 34097K [0x000000008ac00000, 0x0000000100000000)
  region size 1024K, 2 young (2048K), 2 survivors (2048K)
 Metaspace       used 50863K, committed 51456K, reserved 1114112K
  class space    used 6057K, committed 6272K, reserved 1048576K
}
Event: 23.070 GC heap before
{Heap before GC invocations=18 (full 0):
 garbage-first heap   total reserved 1921024K, committed 60416K, used 50481K [0x000000008ac00000, 0x0000000100000000)
  region size 1024K, 18 young (18432K), 2 survivors (2048K)
 Metaspace       used 51991K, committed 52544K, reserved 1114112K
  class space    used 6234K, committed 6464K, reserved 1048576K
}
Event: 23.073 GC heap after
{Heap after GC invocations=19 (full 0):
 garbage-first heap   total reserved 1921024K, committed 60416K, used 35188K [0x000000008ac00000, 0x0000000100000000)
  region size 1024K, 3 young (3072K), 3 survivors (3072K)
 Metaspace       used 51991K, committed 52544K, reserved 1114112K
  class space    used 6234K, committed 6464K, reserved 1048576K
}
Event: 28.075 GC heap before
{Heap before GC invocations=19 (full 0):
 garbage-first heap   total reserved 1921024K, committed 60416K, used 51572K [0x000000008ac00000, 0x0000000100000000)
  region size 1024K, 19 young (19456K), 3 survivors (3072K)
 Metaspace       used 53770K, committed 54464K, reserved 1114112K
  class space    used 6434K, committed 6720K, reserved 1048576K
}
Event: 28.080 GC heap after
{Heap after GC invocations=20 (full 0):
 garbage-first heap   total reserved 1921024K, committed 60416K, used 34980K [0x000000008ac00000, 0x0000000100000000)
  region size 1024K, 2 young (2048K), 2 survivors (2048K)
 Metaspace       used 53770K, committed 54464K, reserved 1114112K
  class space    used 6434K, committed 6720K, reserved 1048576K
}
Event: 87.865 GC heap before
{Heap before GC invocations=20 (full 0):
 garbage-first heap   total reserved 1921024K, committed 60416K, used 53412K [0x000000008ac00000, 0x0000000100000000)
  region size 1024K, 20 young (20480K), 2 survivors (2048K)
 Metaspace       used 53912K, committed 54592K, reserved 1114112K
  class space    used 6464K, committed 6720K, reserved 1048576K
}
Event: 90.957 GC heap after
{Heap after GC invocations=21 (full 0):
 garbage-first heap   total reserved 1921024K, committed 60416K, used 34976K [0x000000008ac00000, 0x0000000100000000)
  region size 1024K, 2 young (2048K), 2 survivors (2048K)
 Metaspace       used 53912K, committed 54592K, reserved 1114112K
  class space    used 6464K, committed 6720K, reserved 1048576K
}
Event: 111.042 GC heap before
{Heap before GC invocations=22 (full 0):
 garbage-first heap   total reserved 1921024K, committed 60416K, used 36000K [0x000000008ac00000, 0x0000000100000000)
  region size 1024K, 3 young (3072K), 2 survivors (2048K)
 Metaspace       used 53767K, committed 54592K, reserved 1114112K
  class space    used 6421K, committed 6720K, reserved 1048576K
}
Event: 111.047 GC heap after
{Heap after GC invocations=23 (full 0):
 garbage-first heap   total reserved 1921024K, committed 60416K, used 34918K [0x000000008ac00000, 0x0000000100000000)
  region size 1024K, 1 young (1024K), 1 survivors (1024K)
 Metaspace       used 53767K, committed 54592K, reserved 1114112K
  class space    used 6421K, committed 6720K, reserved 1048576K
}
Event: 116.661 GC heap before
{Heap before GC invocations=23 (full 0):
 garbage-first heap   total reserved 1921024K, committed 60416K, used 35942K [0x000000008ac00000, 0x0000000100000000)
  region size 1024K, 2 young (2048K), 1 survivors (1024K)
 Metaspace       used 53777K, committed 54592K, reserved 1114112K
  class space    used 6424K, committed 6720K, reserved 1048576K
}

