# JRE version: OpenJDK Runtime Environment (24.0.1+9) (build 24.0.1+9-30)
# Java VM: OpenJDK 64-Bit Server VM (24.0.1+9-30, mixed mode, emulated-client, sharing, tiered, compressed oops, compressed class ptrs, g1 gc, windows-amd64)
GC Precious Log:
 CardTable entry size: 512
 Card Set container configuration: InlinePtr #cards 5 size 8 Array Of Cards #cards 10 size 36 Howl #buckets 4 coarsen threshold 1843 Howl Bitmap #cards 512 size 80 coarsen threshold 460 Card regions per heap region 1 cards per card region 2048
 CPUs: 16 total, 16 available
 Memory: 7501M
 Large Page Support: Disabled
 NUMA Support: Disabled
 Compressed Oops: Enabled (32-bit)
 Heap Region Size: 1M
 Heap Min Capacity: 8M
 Heap Initial Capacity: 118M
 Heap Max Capacity: 1876M
 Pre-touch: Disabled
 Parallel Workers: 13
 Concurrent Workers: 3
 Concurrent Refinement Workers: 13
 Periodic GC: Disabled
Heap:
 garbage-first heap   total reserved 1921024K, committed 194560K, used 52094K [0x000000008ac00000, 0x0000000100000000)
  region size 1024K, 1 young (1024K), 1 survivors (1024K)
 Metaspace       used 73585K, committed 74752K, reserved 1179648K
  class space    used 8298K, committed 8832K, reserved 1048576K
GC Heap History (20 events):
Event: 1575.017 GC heap after
{Heap after GC invocations=140 (full 10):
 garbage-first heap   total reserved 1921024K, committed 199680K, used 65078K [0x000000008ac00000, 0x0000000100000000)
  region size 1024K, 10 young (10240K), 10 survivors (10240K)
 Metaspace       used 73058K, committed 74176K, reserved 1179648K
  class space    used 8254K, committed 8768K, reserved 1048576K
}
Event: 1575.018 GC heap before
{Heap before GC invocations=140 (full 10):
 garbage-first heap   total reserved 1921024K, committed 199680K, used 66102K [0x000000008ac00000, 0x0000000100000000)
  region size 1024K, 11 young (11264K), 10 survivors (10240K)
 Metaspace       used 73058K, committed 74176K, reserved 1179648K
  class space    used 8254K, committed 8768K, reserved 1048576K
}
Event: 1575.036 GC heap after
{Heap after GC invocations=141 (full 10):
 garbage-first heap   total reserved 1921024K, committed 199680K, used 66061K [0x000000008ac00000, 0x0000000100000000)
  region size 1024K, 1 young (1024K), 1 survivors (1024K)
 Metaspace       used 73058K, committed 74176K, reserved 1179648K
  class space    used 8254K, committed 8768K, reserved 1048576K
}
Event: 1575.786 GC heap before
{Heap before GC invocations=142 (full 10):
 garbage-first heap   total reserved 1921024K, committed 199680K, used 98829K [0x000000008ac00000, 0x0000000100000000)
  region size 1024K, 34 young (34816K), 1 survivors (1024K)
 Metaspace       used 73204K, committed 74368K, reserved 1179648K
  class space    used 8265K, committed 8768K, reserved 1048576K
}
Event: 1575.790 GC heap after
{Heap after GC invocations=143 (full 10):
 garbage-first heap   total reserved 1921024K, committed 199680K, used 66088K [0x000000008ac00000, 0x0000000100000000)
  region size 1024K, 2 young (2048K), 2 survivors (2048K)
 Metaspace       used 73204K, committed 74368K, reserved 1179648K
  class space    used 8265K, committed 8768K, reserved 1048576K
}
Event: 1584.589 GC heap before
{Heap before GC invocations=143 (full 10):
 garbage-first heap   total reserved 1921024K, committed 199680K, used 175656K [0x000000008ac00000, 0x0000000100000000)
  region size 1024K, 109 young (111616K), 2 survivors (2048K)
 Metaspace       used 73599K, committed 74752K, reserved 1179648K
  class space    used 8301K, committed 8832K, reserved 1048576K
}
Event: 1584.621 GC heap after
{Heap after GC invocations=144 (full 10):
 garbage-first heap   total reserved 1921024K, committed 199680K, used 65248K [0x000000008ac00000, 0x0000000100000000)
  region size 1024K, 5 young (5120K), 5 survivors (5120K)
 Metaspace       used 73599K, committed 74752K, reserved 1179648K
  class space    used 8301K, committed 8832K, reserved 1048576K
}
Event: 1588.839 GC heap before
{Heap before GC invocations=144 (full 10):
 garbage-first heap   total reserved 1921024K, committed 199680K, used 80608K [0x000000008ac00000, 0x0000000100000000)
  region size 1024K, 20 young (20480K), 5 survivors (5120K)
 Metaspace       used 73599K, committed 74752K, reserved 1179648K
  class space    used 8301K, committed 8832K, reserved 1048576K
}
Event: 1588.999 GC heap after
{Heap after GC invocations=145 (full 10):
 garbage-first heap   total reserved 1921024K, committed 199680K, used 65757K [0x000000008ac00000, 0x0000000100000000)
  region size 1024K, 1 young (1024K), 1 survivors (1024K)
 Metaspace       used 73599K, committed 74752K, reserved 1179648K
  class space    used 8301K, committed 8832K, reserved 1048576K
}
Event: 1613.587 GC heap before
{Heap before GC invocations=146 (full 10):
 garbage-first heap   total reserved 1921024K, committed 199680K, used 150749K [0x000000008ac00000, 0x0000000100000000)
  region size 1024K, 84 young (86016K), 1 survivors (1024K)
 Metaspace       used 73593K, committed 74752K, reserved 1179648K
  class space    used 8300K, committed 8832K, reserved 1048576K
}
Event: 1613.625 GC heap after
{Heap after GC invocations=147 (full 10):
 garbage-first heap   total reserved 1921024K, committed 199680K, used 65404K [0x000000008ac00000, 0x0000000100000000)
  region size 1024K, 1 young (1024K), 1 survivors (1024K)
 Metaspace       used 73593K, committed 74752K, reserved 1179648K
  class space    used 8300K, committed 8832K, reserved 1048576K
}
Event: 1647.419 GC heap before
{Heap before GC invocations=147 (full 10):
 garbage-first heap   total reserved 1921024K, committed 199680K, used 183164K [0x000000008ac00000, 0x0000000100000000)
  region size 1024K, 116 young (118784K), 1 survivors (1024K)
 Metaspace       used 73593K, committed 74752K, reserved 1179648K
  class space    used 8300K, committed 8832K, reserved 1048576K
}
Event: 1647.502 GC heap after
{Heap after GC invocations=148 (full 10):
 garbage-first heap   total reserved 1921024K, committed 199680K, used 57328K [0x000000008ac00000, 0x0000000100000000)
  region size 1024K, 1 young (1024K), 1 survivors (1024K)
 Metaspace       used 73593K, committed 74752K, reserved 1179648K
  class space    used 8300K, committed 8832K, reserved 1048576K
}
Event: 1679.796 GC heap before
{Heap before GC invocations=148 (full 10):
 garbage-first heap   total reserved 1921024K, committed 199680K, used 169968K [0x000000008ac00000, 0x0000000100000000)
  region size 1024K, 112 young (114688K), 1 survivors (1024K)
 Metaspace       used 73593K, committed 74752K, reserved 1179648K
  class space    used 8300K, committed 8832K, reserved 1048576K
}
Event: 1679.890 GC heap after
{Heap after GC invocations=149 (full 10):
 garbage-first heap   total reserved 1921024K, committed 199680K, used 57133K [0x000000008ac00000, 0x0000000100000000)
  region size 1024K, 1 young (1024K), 1 survivors (1024K)
 Metaspace       used 73593K, committed 74752K, reserved 1179648K
  class space    used 8300K, committed 8832K, reserved 1048576K
}
Event: 1714.048 GC heap before
{Heap before GC invocations=150 (full 10):
 garbage-first heap   total reserved 1921024K, committed 194560K, used 172845K [0x000000008ac00000, 0x0000000100000000)
  region size 1024K, 114 young (116736K), 1 survivors (1024K)
 Metaspace       used 73585K, committed 74752K, reserved 1179648K
  class space    used 8298K, committed 8832K, reserved 1048576K
}
Event: 1715.584 GC heap after
{Heap after GC invocations=151 (full 10):
 garbage-first heap   total reserved 1921024K, committed 194560K, used 57440K [0x000000008ac00000, 0x0000000100000000)
  region size 1024K, 1 young (1024K), 1 survivors (1024K)
 Metaspace       used 73585K, committed 74752K, reserved 1179648K
  class space    used 8298K, committed 8832K, reserved 1048576K
}
Event: 1748.479 GC heap before
{Heap before GC invocations=151 (full 10):
 garbage-first heap   total reserved 1921024K, committed 194560K, used 173152K [0x000000008ac00000, 0x0000000100000000)
  region size 1024K, 114 young (116736K), 1 survivors (1024K)
 Metaspace       used 73585K, committed 74752K, reserved 1179648K
  class space    used 8298K, committed 8832K, reserved 1048576K
}
Event: 1749.431 GC heap after
{Heap after GC invocations=152 (full 10):
 garbage-first heap   total reserved 1921024K, committed 194560K, used 53745K [0x000000008ac00000, 0x0000000100000000)
  region size 1024K, 1 young (1024K), 1 survivors (1024K)
 Metaspace       used 73585K, committed 74752K, reserved 1179648K
  class space    used 8298K, committed 8832K, reserved 1048576K
}
Event: 1751.216 GC heap before
{Heap before GC invocations=152 (full 10):
 garbage-first heap   total reserved 1921024K, committed 194560K, used 60913K [0x000000008ac00000, 0x0000000100000000)
  region size 1024K, 9 young (9216K), 1 survivors (1024K)
 Metaspace       used 73585K, committed 74752K, reserved 1179648K
  class space    used 8298K, committed 8832K, reserved 1048576K
}

