# JRE version: OpenJDK Runtime Environment (24.0.1+9) (build 24.0.1+9-30)
# Java VM: OpenJDK 64-Bit Server VM (24.0.1+9-30, mixed mode, emulated-client, tiered, compressed oops, compressed class ptrs, g1 gc, windows-amd64)
GC Precious Log:
 CardTable entry size: 512
 Card Set container configuration: InlinePtr #cards 5 size 8 Array Of Cards #cards 10 size 36 Howl #buckets 4 coarsen threshold 1843 Howl Bitmap #cards 512 size 80 coarsen threshold 460 Card regions per heap region 1 cards per card region 2048
 CPUs: 16 total, 16 available
 Memory: 7501M
 Large Page Support: Disabled
 NUMA Support: Disabled
 Compressed Oops: Enabled (32-bit)
 Heap Region Size: 1M
 Heap Min Capacity: 8M
 Heap Initial Capacity: 118M
 Heap Max Capacity: 1876M
 Pre-touch: Disabled
 Parallel Workers: 13
 Concurrent Workers: 3
 Concurrent Refinement Workers: 13
 Periodic GC: Disabled
Heap:
 garbage-first heap   total reserved 1921024K, committed 66560K, used 44682K [0x000000008ac00000, 0x0000000100000000)
  region size 1024K, 16 young (16384K), 1 survivors (1024K)
 Metaspace       used 64122K, committed 64704K, reserved 1114112K
  class space    used 7174K, committed 7424K, reserved 1048576K
GC Heap History (20 events):
Event: 24.250 GC heap after
{Heap after GC invocations=32 (full 0):
 garbage-first heap   total reserved 1921024K, committed 55296K, used 33805K [0x000000008ac00000, 0x0000000100000000)
  region size 1024K, 3 young (3072K), 3 survivors (3072K)
 Metaspace       used 60418K, committed 61056K, reserved 1114112K
  class space    used 6700K, committed 6976K, reserved 1048576K
}
Event: 28.380 GC heap before
{Heap before GC invocations=32 (full 0):
 garbage-first heap   total reserved 1921024K, committed 55296K, used 46093K [0x000000008ac00000, 0x0000000100000000)
  region size 1024K, 16 young (16384K), 3 survivors (3072K)
 Metaspace       used 62169K, committed 62720K, reserved 1114112K
  class space    used 6944K, committed 7168K, reserved 1048576K
}
Event: 28.386 GC heap after
{Heap after GC invocations=33 (full 0):
 garbage-first heap   total reserved 1921024K, committed 66560K, used 35413K [0x000000008ac00000, 0x0000000100000000)
  region size 1024K, 2 young (2048K), 2 survivors (2048K)
 Metaspace       used 62169K, committed 62720K, reserved 1114112K
  class space    used 6944K, committed 7168K, reserved 1048576K
}
Event: 33.595 GC heap before
{Heap before GC invocations=34 (full 0):
 garbage-first heap   total reserved 1921024K, committed 66560K, used 59989K [0x000000008ac00000, 0x0000000100000000)
  region size 1024K, 26 young (26624K), 2 survivors (2048K)
 Metaspace       used 64022K, committed 64640K, reserved 1114112K
  class space    used 7160K, committed 7424K, reserved 1048576K
}
Event: 33.599 GC heap after
{Heap after GC invocations=35 (full 0):
 garbage-first heap   total reserved 1921024K, committed 66560K, used 35716K [0x000000008ac00000, 0x0000000100000000)
  region size 1024K, 2 young (2048K), 2 survivors (2048K)
 Metaspace       used 64022K, committed 64640K, reserved 1114112K
  class space    used 7160K, committed 7424K, reserved 1048576K
}
Event: 189.981 GC heap before
{Heap before GC invocations=35 (full 0):
 garbage-first heap   total reserved 1921024K, committed 66560K, used 60292K [0x000000008ac00000, 0x0000000100000000)
  region size 1024K, 26 young (26624K), 2 survivors (2048K)
 Metaspace       used 64100K, committed 64704K, reserved 1114112K
  class space    used 7175K, committed 7424K, reserved 1048576K
}
Event: 190.860 GC heap after
{Heap after GC invocations=36 (full 0):
 garbage-first heap   total reserved 1921024K, committed 66560K, used 34739K [0x000000008ac00000, 0x0000000100000000)
  region size 1024K, 2 young (2048K), 2 survivors (2048K)
 Metaspace       used 64100K, committed 64704K, reserved 1114112K
  class space    used 7175K, committed 7424K, reserved 1048576K
}
Event: 389.802 GC heap before
{Heap before GC invocations=36 (full 0):
 garbage-first heap   total reserved 1921024K, committed 66560K, used 59315K [0x000000008ac00000, 0x0000000100000000)
  region size 1024K, 26 young (26624K), 2 survivors (2048K)
 Metaspace       used 64100K, committed 64704K, reserved 1114112K
  class space    used 7175K, committed 7424K, reserved 1048576K
}
Event: 390.003 GC heap after
{Heap after GC invocations=37 (full 0):
 garbage-first heap   total reserved 1921024K, committed 66560K, used 34629K [0x000000008ac00000, 0x0000000100000000)
  region size 1024K, 2 young (2048K), 2 survivors (2048K)
 Metaspace       used 64100K, committed 64704K, reserved 1114112K
  class space    used 7175K, committed 7424K, reserved 1048576K
}
Event: 398.485 GC heap before
{Heap before GC invocations=38 (full 0):
 garbage-first heap   total reserved 1921024K, committed 66560K, used 35653K [0x000000008ac00000, 0x0000000100000000)
  region size 1024K, 3 young (3072K), 2 survivors (2048K)
 Metaspace       used 63990K, committed 64704K, reserved 1114112K
  class space    used 7142K, committed 7424K, reserved 1048576K
}
Event: 398.757 GC heap after
{Heap after GC invocations=39 (full 0):
 garbage-first heap   total reserved 1921024K, committed 66560K, used 34776K [0x000000008ac00000, 0x0000000100000000)
  region size 1024K, 1 young (1024K), 1 survivors (1024K)
 Metaspace       used 63990K, committed 64704K, reserved 1114112K
  class space    used 7142K, committed 7424K, reserved 1048576K
}
Event: 413.576 GC heap before
{Heap before GC invocations=39 (full 0):
 garbage-first heap   total reserved 1921024K, committed 66560K, used 36824K [0x000000008ac00000, 0x0000000100000000)
  region size 1024K, 3 young (3072K), 1 survivors (1024K)
 Metaspace       used 63990K, committed 64704K, reserved 1114112K
  class space    used 7142K, committed 7424K, reserved 1048576K
}
Event: 413.582 GC heap after
{Heap after GC invocations=40 (full 0):
 garbage-first heap   total reserved 1921024K, committed 66560K, used 33625K [0x000000008ac00000, 0x0000000100000000)
  region size 1024K, 1 young (1024K), 1 survivors (1024K)
 Metaspace       used 63990K, committed 64704K, reserved 1114112K
  class space    used 7142K, committed 7424K, reserved 1048576K
}
Event: 476.928 GC heap before
{Heap before GC invocations=40 (full 0):
 garbage-first heap   total reserved 1921024K, committed 66560K, used 41817K [0x000000008ac00000, 0x0000000100000000)
  region size 1024K, 9 young (9216K), 1 survivors (1024K)
 Metaspace       used 63990K, committed 64704K, reserved 1114112K
  class space    used 7142K, committed 7424K, reserved 1048576K
}
Event: 476.952 GC heap after
{Heap after GC invocations=41 (full 0):
 garbage-first heap   total reserved 1921024K, committed 66560K, used 32792K [0x000000008ac00000, 0x0000000100000000)
  region size 1024K, 1 young (1024K), 1 survivors (1024K)
 Metaspace       used 63990K, committed 64704K, reserved 1114112K
  class space    used 7142K, committed 7424K, reserved 1048576K
}
Event: 695.339 GC heap before
{Heap before GC invocations=41 (full 0):
 garbage-first heap   total reserved 1921024K, committed 66560K, used 60440K [0x000000008ac00000, 0x0000000100000000)
  region size 1024K, 28 young (28672K), 1 survivors (1024K)
 Metaspace       used 63990K, committed 64704K, reserved 1114112K
  class space    used 7142K, committed 7424K, reserved 1048576K
}
Event: 695.536 GC heap after
{Heap after GC invocations=42 (full 0):
 garbage-first heap   total reserved 1921024K, committed 66560K, used 32024K [0x000000008ac00000, 0x0000000100000000)
  region size 1024K, 1 young (1024K), 1 survivors (1024K)
 Metaspace       used 63990K, committed 64704K, reserved 1114112K
  class space    used 7142K, committed 7424K, reserved 1048576K
}
Event: 710.344 GC heap before
{Heap before GC invocations=42 (full 0):
 garbage-first heap   total reserved 1921024K, committed 66560K, used 34072K [0x000000008ac00000, 0x0000000100000000)
  region size 1024K, 3 young (3072K), 1 survivors (1024K)
 Metaspace       used 63990K, committed 64704K, reserved 1114112K
  class space    used 7142K, committed 7424K, reserved 1048576K
}
Event: 710.396 GC heap after
{Heap after GC invocations=43 (full 0):
 garbage-first heap   total reserved 1921024K, committed 66560K, used 31370K [0x000000008ac00000, 0x0000000100000000)
  region size 1024K, 1 young (1024K), 1 survivors (1024K)
 Metaspace       used 63990K, committed 64704K, reserved 1114112K
  class space    used 7142K, committed 7424K, reserved 1048576K
}
Event: 817.532 GC heap before
{Heap before GC invocations=43 (full 0):
 garbage-first heap   total reserved 1921024K, committed 66560K, used 44682K [0x000000008ac00000, 0x0000000100000000)
  region size 1024K, 16 young (16384K), 1 survivors (1024K)
 Metaspace       used 64122K, committed 64704K, reserved 1114112K
  class space    used 7174K, committed 7424K, reserved 1048576K
}

