# JRE version: OpenJDK Runtime Environment (24.0.1+9) (build 24.0.1+9-30)
# Java VM: OpenJDK 64-Bit Server VM (24.0.1+9-30, mixed mode, emulated-client, sharing, tiered, compressed oops, compressed class ptrs, g1 gc, windows-amd64)
GC Precious Log:
 CardTable entry size: 512
 Card Set container configuration: InlinePtr #cards 5 size 8 Array Of Cards #cards 10 size 36 Howl #buckets 4 coarsen threshold 1843 Howl Bitmap #cards 512 size 80 coarsen threshold 460 Card regions per heap region 1 cards per card region 2048
 CPUs: 16 total, 16 available
 Memory: 7501M
 Large Page Support: Disabled
 NUMA Support: Disabled
 Compressed Oops: Enabled (32-bit)
 Heap Region Size: 1M
 Heap Min Capacity: 8M
 Heap Initial Capacity: 118M
 Heap Max Capacity: 1876M
 Pre-touch: Disabled
 Parallel Workers: 13
 Concurrent Workers: 3
 Concurrent Refinement Workers: 13
 Periodic GC: Disabled
Heap:
 garbage-first heap   total reserved 1921024K, committed 99328K, used 36715K [0x000000008ac00000, 0x0000000100000000)
  region size 1024K, 10 young (10240K), 1 survivors (1024K)
 Metaspace       used 57947K, committed 58624K, reserved 1114112K
  class space    used 7053K, committed 7360K, reserved 1048576K
GC Heap History (20 events):
Event: 19440.994 GC heap before
{Heap before GC invocations=144 (full 0):
 garbage-first heap   total reserved 1921024K, committed 99328K, used 31626K [0x000000008ac00000, 0x0000000100000000)
  region size 1024K, 4 young (4096K), 1 survivors (1024K)
 Metaspace       used 57912K, committed 58624K, reserved 1114112K
  class space    used 7044K, committed 7360K, reserved 1048576K
}
Event: 19441.121 GC heap after
{Heap after GC invocations=145 (full 0):
 garbage-first heap   total reserved 1921024K, committed 99328K, used 28560K [0x000000008ac00000, 0x0000000100000000)
  region size 1024K, 1 young (1024K), 1 survivors (1024K)
 Metaspace       used 57912K, committed 58624K, reserved 1114112K
  class space    used 7044K, committed 7360K, reserved 1048576K
}
Event: 19467.324 GC heap before
{Heap before GC invocations=146 (full 0):
 garbage-first heap   total reserved 1921024K, committed 99328K, used 31632K [0x000000008ac00000, 0x0000000100000000)
  region size 1024K, 4 young (4096K), 1 survivors (1024K)
 Metaspace       used 57912K, committed 58624K, reserved 1114112K
  class space    used 7044K, committed 7360K, reserved 1048576K
}
Event: 19467.326 GC heap after
{Heap after GC invocations=147 (full 0):
 garbage-first heap   total reserved 1921024K, committed 99328K, used 28538K [0x000000008ac00000, 0x0000000100000000)
  region size 1024K, 1 young (1024K), 1 survivors (1024K)
 Metaspace       used 57912K, committed 58624K, reserved 1114112K
  class space    used 7044K, committed 7360K, reserved 1048576K
}
Event: 19491.845 GC heap before
{Heap before GC invocations=147 (full 0):
 garbage-first heap   total reserved 1921024K, committed 99328K, used 31610K [0x000000008ac00000, 0x0000000100000000)
  region size 1024K, 4 young (4096K), 1 survivors (1024K)
 Metaspace       used 57912K, committed 58624K, reserved 1114112K
  class space    used 7044K, committed 7360K, reserved 1048576K
}
Event: 19491.850 GC heap after
{Heap after GC invocations=148 (full 0):
 garbage-first heap   total reserved 1921024K, committed 99328K, used 28533K [0x000000008ac00000, 0x0000000100000000)
  region size 1024K, 1 young (1024K), 1 survivors (1024K)
 Metaspace       used 57912K, committed 58624K, reserved 1114112K
  class space    used 7044K, committed 7360K, reserved 1048576K
}
Event: 19518.186 GC heap before
{Heap before GC invocations=148 (full 0):
 garbage-first heap   total reserved 1921024K, committed 99328K, used 31605K [0x000000008ac00000, 0x0000000100000000)
  region size 1024K, 4 young (4096K), 1 survivors (1024K)
 Metaspace       used 57912K, committed 58624K, reserved 1114112K
  class space    used 7044K, committed 7360K, reserved 1048576K
}
Event: 19518.189 GC heap after
{Heap after GC invocations=149 (full 0):
 garbage-first heap   total reserved 1921024K, committed 99328K, used 28525K [0x000000008ac00000, 0x0000000100000000)
  region size 1024K, 1 young (1024K), 1 survivors (1024K)
 Metaspace       used 57912K, committed 58624K, reserved 1114112K
  class space    used 7044K, committed 7360K, reserved 1048576K
}
Event: 19543.584 GC heap before
{Heap before GC invocations=150 (full 0):
 garbage-first heap   total reserved 1921024K, committed 99328K, used 31597K [0x000000008ac00000, 0x0000000100000000)
  region size 1024K, 4 young (4096K), 1 survivors (1024K)
 Metaspace       used 57912K, committed 58624K, reserved 1114112K
  class space    used 7044K, committed 7360K, reserved 1048576K
}
Event: 19543.595 GC heap after
{Heap after GC invocations=151 (full 0):
 garbage-first heap   total reserved 1921024K, committed 99328K, used 28517K [0x000000008ac00000, 0x0000000100000000)
  region size 1024K, 1 young (1024K), 1 survivors (1024K)
 Metaspace       used 57912K, committed 58624K, reserved 1114112K
  class space    used 7044K, committed 7360K, reserved 1048576K
}
Event: 19569.024 GC heap before
{Heap before GC invocations=151 (full 0):
 garbage-first heap   total reserved 1921024K, committed 99328K, used 31589K [0x000000008ac00000, 0x0000000100000000)
  region size 1024K, 4 young (4096K), 1 survivors (1024K)
 Metaspace       used 57912K, committed 58624K, reserved 1114112K
  class space    used 7044K, committed 7360K, reserved 1048576K
}
Event: 19569.044 GC heap after
{Heap after GC invocations=152 (full 0):
 garbage-first heap   total reserved 1921024K, committed 99328K, used 28549K [0x000000008ac00000, 0x0000000100000000)
  region size 1024K, 1 young (1024K), 1 survivors (1024K)
 Metaspace       used 57912K, committed 58624K, reserved 1114112K
  class space    used 7044K, committed 7360K, reserved 1048576K
}
Event: 19594.430 GC heap before
{Heap before GC invocations=153 (full 0):
 garbage-first heap   total reserved 1921024K, committed 99328K, used 31621K [0x000000008ac00000, 0x0000000100000000)
  region size 1024K, 4 young (4096K), 1 survivors (1024K)
 Metaspace       used 57912K, committed 58624K, reserved 1114112K
  class space    used 7044K, committed 7360K, reserved 1048576K
}
Event: 19594.432 GC heap after
{Heap after GC invocations=154 (full 0):
 garbage-first heap   total reserved 1921024K, committed 99328K, used 28521K [0x000000008ac00000, 0x0000000100000000)
  region size 1024K, 1 young (1024K), 1 survivors (1024K)
 Metaspace       used 57912K, committed 58624K, reserved 1114112K
  class space    used 7044K, committed 7360K, reserved 1048576K
}
Event: 19623.047 GC heap before
{Heap before GC invocations=154 (full 0):
 garbage-first heap   total reserved 1921024K, committed 99328K, used 31593K [0x000000008ac00000, 0x0000000100000000)
  region size 1024K, 4 young (4096K), 1 survivors (1024K)
 Metaspace       used 57912K, committed 58624K, reserved 1114112K
  class space    used 7044K, committed 7360K, reserved 1048576K
}
Event: 19623.078 GC heap after
{Heap after GC invocations=155 (full 0):
 garbage-first heap   total reserved 1921024K, committed 99328K, used 28557K [0x000000008ac00000, 0x0000000100000000)
  region size 1024K, 1 young (1024K), 1 survivors (1024K)
 Metaspace       used 57912K, committed 58624K, reserved 1114112K
  class space    used 7044K, committed 7360K, reserved 1048576K
}
Event: 20120.533 GC heap before
{Heap before GC invocations=155 (full 0):
 garbage-first heap   total reserved 1921024K, committed 99328K, used 86925K [0x000000008ac00000, 0x0000000100000000)
  region size 1024K, 58 young (59392K), 1 survivors (1024K)
 Metaspace       used 57912K, committed 58624K, reserved 1114112K
  class space    used 7044K, committed 7360K, reserved 1048576K
}
Event: 20120.677 GC heap after
{Heap after GC invocations=156 (full 0):
 garbage-first heap   total reserved 1921024K, committed 99328K, used 28546K [0x000000008ac00000, 0x0000000100000000)
  region size 1024K, 1 young (1024K), 1 survivors (1024K)
 Metaspace       used 57912K, committed 58624K, reserved 1114112K
  class space    used 7044K, committed 7360K, reserved 1048576K
}
Event: 20560.382 GC heap before
{Heap before GC invocations=157 (full 0):
 garbage-first heap   total reserved 1921024K, committed 99328K, used 78722K [0x000000008ac00000, 0x0000000100000000)
  region size 1024K, 50 young (51200K), 1 survivors (1024K)
 Metaspace       used 57912K, committed 58624K, reserved 1114112K
  class space    used 7044K, committed 7360K, reserved 1048576K
}
Event: 20560.477 GC heap after
{Heap after GC invocations=158 (full 0):
 garbage-first heap   total reserved 1921024K, committed 99328K, used 28523K [0x000000008ac00000, 0x0000000100000000)
  region size 1024K, 1 young (1024K), 1 survivors (1024K)
 Metaspace       used 57912K, committed 58624K, reserved 1114112K
  class space    used 7044K, committed 7360K, reserved 1048576K
}

