# JRE version: OpenJDK Runtime Environment (24.0.1+9) (build 24.0.1+9-30)
# Java VM: OpenJDK 64-Bit Server VM (24.0.1+9-30, mixed mode, emulated-client, sharing, tiered, compressed oops, compressed class ptrs, g1 gc, windows-amd64)
GC Precious Log:
 CardTable entry size: 512
 Card Set container configuration: InlinePtr #cards 5 size 8 Array Of Cards #cards 10 size 36 Howl #buckets 4 coarsen threshold 1843 Howl Bitmap #cards 512 size 80 coarsen threshold 460 Card regions per heap region 1 cards per card region 2048
 CPUs: 16 total, 16 available
 Memory: 7501M
 Large Page Support: Disabled
 NUMA Support: Disabled
 Compressed Oops: Enabled (32-bit)
 Heap Region Size: 1M
 Heap Min Capacity: 8M
 Heap Initial Capacity: 118M
 Heap Max Capacity: 1876M
 Pre-touch: Disabled
 Parallel Workers: 13
 Concurrent Workers: 3
 Concurrent Refinement Workers: 13
 Periodic GC: Disabled
Heap:
 garbage-first heap   total reserved 1921024K, committed 99328K, used 49523K [0x000000008ac00000, 0x0000000100000000)
  region size 1024K, 17 young (17408K), 2 survivors (2048K)
 Metaspace       used 64186K, committed 65344K, reserved 1114112K
  class space    used 7526K, committed 8000K, reserved 1048576K
GC Heap History (20 events):
Event: 20025.356 GC heap after
{Heap after GC invocations=120 (full 4):
 garbage-first heap   total reserved 1921024K, committed 99328K, used 40419K [0x000000008ac00000, 0x0000000100000000)
  region size 1024K, 4 young (4096K), 4 survivors (4096K)
 Metaspace       used 63244K, committed 64128K, reserved 1114112K
  class space    used 7478K, committed 7872K, reserved 1048576K
}
Event: 20027.648 GC heap before
{Heap before GC invocations=120 (full 4):
 garbage-first heap   total reserved 1921024K, committed 99328K, used 75235K [0x000000008ac00000, 0x0000000100000000)
  region size 1024K, 39 young (39936K), 4 survivors (4096K)
 Metaspace       used 63321K, committed 64256K, reserved 1114112K
  class space    used 7501K, committed 7936K, reserved 1048576K
}
Event: 20027.719 GC heap after
{Heap after GC invocations=121 (full 5):
 garbage-first heap   total reserved 1921024K, committed 99328K, used 35654K [0x000000008ac00000, 0x0000000100000000)
  region size 1024K, 0 young (0K), 0 survivors (0K)
 Metaspace       used 63321K, committed 64256K, reserved 1114112K
  class space    used 7501K, committed 7936K, reserved 1048576K
}
Event: 20029.262 GC heap before
{Heap before GC invocations=121 (full 5):
 garbage-first heap   total reserved 1921024K, committed 99328K, used 85830K [0x000000008ac00000, 0x0000000100000000)
  region size 1024K, 50 young (51200K), 0 survivors (0K)
 Metaspace       used 63908K, committed 64896K, reserved 1114112K
  class space    used 7544K, committed 8000K, reserved 1048576K
}
Event: 20029.269 GC heap after
{Heap after GC invocations=122 (full 5):
 garbage-first heap   total reserved 1921024K, committed 99328K, used 40756K [0x000000008ac00000, 0x0000000100000000)
  region size 1024K, 5 young (5120K), 5 survivors (5120K)
 Metaspace       used 63908K, committed 64896K, reserved 1114112K
  class space    used 7544K, committed 8000K, reserved 1048576K
}
Event: 20030.204 GC heap before
{Heap before GC invocations=123 (full 5):
 garbage-first heap   total reserved 1921024K, committed 99328K, used 84788K [0x000000008ac00000, 0x0000000100000000)
  region size 1024K, 48 young (49152K), 5 survivors (5120K)
 Metaspace       used 64348K, committed 65344K, reserved 1114112K
  class space    used 7572K, committed 8000K, reserved 1048576K
}
Event: 20030.210 GC heap after
{Heap after GC invocations=124 (full 5):
 garbage-first heap   total reserved 1921024K, committed 99328K, used 43449K [0x000000008ac00000, 0x0000000100000000)
  region size 1024K, 4 young (4096K), 4 survivors (4096K)
 Metaspace       used 64348K, committed 65344K, reserved 1114112K
  class space    used 7572K, committed 8000K, reserved 1048576K
}
Event: 20038.761 GC heap before
{Heap before GC invocations=124 (full 5):
 garbage-first heap   total reserved 1921024K, committed 99328K, used 84409K [0x000000008ac00000, 0x0000000100000000)
  region size 1024K, 44 young (45056K), 4 survivors (4096K)
 Metaspace       used 64372K, committed 65344K, reserved 1114112K
  class space    used 7578K, committed 8000K, reserved 1048576K
}
Event: 20038.770 GC heap after
{Heap after GC invocations=125 (full 5):
 garbage-first heap   total reserved 1921024K, committed 99328K, used 44800K [0x000000008ac00000, 0x0000000100000000)
  region size 1024K, 5 young (5120K), 5 survivors (5120K)
 Metaspace       used 64372K, committed 65344K, reserved 1114112K
  class space    used 7578K, committed 8000K, reserved 1048576K
}
Event: 20103.207 GC heap before
{Heap before GC invocations=125 (full 5):
 garbage-first heap   total reserved 1921024K, committed 99328K, used 84736K [0x000000008ac00000, 0x0000000100000000)
  region size 1024K, 44 young (45056K), 5 survivors (5120K)
 Metaspace       used 64405K, committed 65344K, reserved 1114112K
  class space    used 7587K, committed 8000K, reserved 1048576K
}
Event: 20103.281 GC heap after
{Heap after GC invocations=126 (full 5):
 garbage-first heap   total reserved 1921024K, committed 99328K, used 45128K [0x000000008ac00000, 0x0000000100000000)
  region size 1024K, 2 young (2048K), 2 survivors (2048K)
 Metaspace       used 64405K, committed 65344K, reserved 1114112K
  class space    used 7587K, committed 8000K, reserved 1048576K
}
Event: 20190.234 GC heap before
{Heap before GC invocations=127 (full 5):
 garbage-first heap   total reserved 1921024K, committed 99328K, used 88136K [0x000000008ac00000, 0x0000000100000000)
  region size 1024K, 44 young (45056K), 2 survivors (2048K)
 Metaspace       used 64167K, committed 65344K, reserved 1114112K
  class space    used 7521K, committed 8000K, reserved 1048576K
}
Event: 20190.291 GC heap after
{Heap after GC invocations=128 (full 5):
 garbage-first heap   total reserved 1921024K, committed 99328K, used 44731K [0x000000008ac00000, 0x0000000100000000)
  region size 1024K, 2 young (2048K), 2 survivors (2048K)
 Metaspace       used 64167K, committed 65344K, reserved 1114112K
  class space    used 7521K, committed 8000K, reserved 1048576K
}
Event: 20279.803 GC heap before
{Heap before GC invocations=128 (full 5):
 garbage-first heap   total reserved 1921024K, committed 99328K, used 87739K [0x000000008ac00000, 0x0000000100000000)
  region size 1024K, 44 young (45056K), 2 survivors (2048K)
 Metaspace       used 64167K, committed 65344K, reserved 1114112K
  class space    used 7521K, committed 8000K, reserved 1048576K
}
Event: 20279.871 GC heap after
{Heap after GC invocations=129 (full 5):
 garbage-first heap   total reserved 1921024K, committed 99328K, used 37828K [0x000000008ac00000, 0x0000000100000000)
  region size 1024K, 2 young (2048K), 2 survivors (2048K)
 Metaspace       used 64167K, committed 65344K, reserved 1114112K
  class space    used 7521K, committed 8000K, reserved 1048576K
}
Event: 20387.023 GC heap before
{Heap before GC invocations=129 (full 5):
 garbage-first heap   total reserved 1921024K, committed 99328K, used 90052K [0x000000008ac00000, 0x0000000100000000)
  region size 1024K, 53 young (54272K), 2 survivors (2048K)
 Metaspace       used 64167K, committed 65344K, reserved 1114112K
  class space    used 7521K, committed 8000K, reserved 1048576K
}
Event: 20387.121 GC heap after
{Heap after GC invocations=130 (full 5):
 garbage-first heap   total reserved 1921024K, committed 99328K, used 35098K [0x000000008ac00000, 0x0000000100000000)
  region size 1024K, 2 young (2048K), 2 survivors (2048K)
 Metaspace       used 64167K, committed 65344K, reserved 1114112K
  class space    used 7521K, committed 8000K, reserved 1048576K
}
Event: 20501.038 GC heap before
{Heap before GC invocations=130 (full 5):
 garbage-first heap   total reserved 1921024K, committed 99328K, used 90394K [0x000000008ac00000, 0x0000000100000000)
  region size 1024K, 56 young (57344K), 2 survivors (2048K)
 Metaspace       used 64167K, committed 65344K, reserved 1114112K
  class space    used 7521K, committed 8000K, reserved 1048576K
}
Event: 20501.146 GC heap after
{Heap after GC invocations=131 (full 5):
 garbage-first heap   total reserved 1921024K, committed 99328K, used 35187K [0x000000008ac00000, 0x0000000100000000)
  region size 1024K, 2 young (2048K), 2 survivors (2048K)
 Metaspace       used 64167K, committed 65344K, reserved 1114112K
  class space    used 7521K, committed 8000K, reserved 1048576K
}
Event: 20518.426 GC heap before
{Heap before GC invocations=132 (full 5):
 garbage-first heap   total reserved 1921024K, committed 99328K, used 49523K [0x000000008ac00000, 0x0000000100000000)
  region size 1024K, 17 young (17408K), 2 survivors (2048K)
 Metaspace       used 64186K, committed 65344K, reserved 1114112K
  class space    used 7526K, committed 8000K, reserved 1048576K
}

